  main.cpp
c:\users\localadmin\documents\visual studio 2015\projects\raytracer\util.h(36): warning C4244: '=': conversion from 'float' to 'int', possible loss of data
c:\users\localadmin\documents\visual studio 2015\projects\raytracer\shape.h(51): warning C4244: 'argument': conversion from 'int' to 'float', possible loss of data
c:\users\localadmin\documents\visual studio 2015\projects\raytracer\shape.h(52): warning C4244: 'argument': conversion from 'int' to 'float', possible loss of data
c:\users\localadmin\documents\visual studio 2015\projects\raytracer\shape.h(55): warning C4244: 'argument': conversion from 'int' to 'float', possible loss of data
c:\users\localadmin\documents\visual studio 2015\projects\raytracer\shape.h(111): warning C4244: 'argument': conversion from 'int' to 'float', possible loss of data
c:\users\localadmin\documents\visual studio 2015\projects\raytracer\shape.h(112): warning C4244: 'argument': conversion from 'int' to 'float', possible loss of data
c:\users\localadmin\documents\visual studio 2015\projects\raytracer\shape.h(115): warning C4244: 'argument': conversion from 'int' to 'float', possible loss of data
c:\users\localadmin\documents\visual studio 2015\projects\raytracer\raytracer.h(17): warning C4244: '=': conversion from 'float' to 'int', possible loss of data
c:\users\localadmin\documents\visual studio 2015\projects\raytracer\raytracer.h(32): warning C4244: '=': conversion from 'double' to 'float', possible loss of data
c:\users\localadmin\documents\visual studio 2015\projects\raytracer\raytracer.h(45): warning C4244: 'argument': conversion from 'int' to 'float', possible loss of data
c:\users\localadmin\documents\visual studio 2015\projects\raytracer\raytracer.h(121): warning C4018: '<': signed/unsigned mismatch
c:\users\localadmin\documents\visual studio 2015\projects\raytracer\raytracer.h(134): warning C4018: '<': signed/unsigned mismatch
c:\users\localadmin\documents\visual studio 2015\projects\raytracer\main.cpp(8): warning C4244: 'initializing': conversion from 'double' to 'float', possible loss of data
c:\users\localadmin\documents\visual studio 2015\projects\raytracer\main.cpp(13): warning C4244: 'argument': conversion from 'int' to 'float', possible loss of data
c:\users\localadmin\documents\visual studio 2015\projects\raytracer\main.cpp(17): warning C4244: 'argument': conversion from 'float' to 'unsigned int', possible loss of data
c:\users\localadmin\documents\visual studio 2015\projects\raytracer\main.cpp(23): warning C4244: 'argument': conversion from 'float' to 'unsigned int', possible loss of data
c:\users\localadmin\documents\visual studio 2015\projects\raytracer\main.cpp(23): warning C4244: 'argument': conversion from 'int' to 'float', possible loss of data
c:\users\localadmin\documents\visual studio 2015\projects\raytracer\main.cpp(27): warning C4244: 'argument': conversion from 'int' to 'float', possible loss of data
  RayTracer.vcxproj -> C:\Users\localadmin\Documents\Visual Studio 2015\Projects\RayTracer\Debug\RayTracer.exe
  RayTracer.vcxproj -> C:\Users\localadmin\Documents\Visual Studio 2015\Projects\RayTracer\Debug\RayTracer.pdb (Partial PDB)
